[2018-02-28 15:15:31,757]- [logger.py][line:53]-INFO: -----------ç‚¹å‡»ç™»é™†å•†åŸ----------------
[2018-02-28 15:15:34,561]- [logger.py][line:53]-INFO: -----------è¾“å…¥å‘˜å·¥å·¥å·----------------
[2018-02-28 15:15:34,765]- [logger.py][line:53]-INFO: -----------è¾“å…¥ç™»é™†å¯†ç ----------------
[2018-02-28 15:15:35,043]- [logger.py][line:53]-INFO: -----------ç‚¹å‡»ç™»é™†æŒ‰é’®----------------
[2018-02-28 15:15:39,247]- [logger.py][line:53]-INFO: ------------åˆ‡æ¢åˆ°è¿è¥å•†åŸ---------------
[2018-02-28 15:15:39,540]- [logger.py][line:53]-INFO: æ‰“å¼€ç§’æ€ç•Œé¢
[2018-02-28 15:15:41,034]- [logger.py][line:53]-INFO: åˆ‡æ¢åˆ°iframe
[2018-02-28 15:15:41,744]- [logger.py][line:53]-INFO: ç‚¹å‡»æ·»åŠ ç§’æ€
[2018-02-28 15:15:59,538]- [logger.py][line:53]-INFO: è¾“å…¥æ´»åŠ¨å
[2018-02-28 15:16:03,780]- [logger.py][line:53]-INFO: è¾“å…¥æ¯äººé™è´­
[2018-02-28 15:22:12,087]- [logger.py][line:53]-INFO: -----------ç‚¹å‡»ç™»é™†å•†åŸ----------------
[2018-02-28 15:22:12,627]- [logger.py][line:53]-INFO: -----------è¾“å…¥å‘˜å·¥å·¥å·----------------
[2018-02-28 15:22:12,934]- [logger.py][line:53]-INFO: -----------è¾“å…¥ç™»é™†å¯†ç ----------------
[2018-02-28 15:22:13,133]- [logger.py][line:53]-INFO: -----------ç‚¹å‡»ç™»é™†æŒ‰é’®----------------
[2018-02-28 15:22:18,264]- [logger.py][line:53]-INFO: ------------åˆ‡æ¢åˆ°è¿è¥å•†åŸ---------------
[2018-02-28 15:22:19,257]- [logger.py][line:53]-INFO: æ‰“å¼€ç§’æ€ç•Œé¢
[2018-02-28 15:22:19,922]- [logger.py][line:53]-INFO: åˆ‡æ¢åˆ°iframe
[2018-02-28 15:22:21,036]- [logger.py][line:53]-INFO: ç‚¹å‡»æ·»åŠ ç§’æ€
[2018-02-28 15:22:34,011]- [logger.py][line:53]-INFO: è¾“å…¥æ´»åŠ¨å
[2018-02-28 15:22:36,330]- [logger.py][line:53]-INFO: è¾“å…¥æ¯äººé™è´­
[2018-02-28 15:33:35,746]- [logger.py][line:53]-INFO: -----------æµ‹è¯•å¼€å§‹----------------
[2018-02-28 15:33:54,057]- [logger.py][line:53]-INFO: -----------ç‚¹å‡»ç™»é™†å•†åŸ----------------
[2018-02-28 15:33:54,680]- [logger.py][line:53]-INFO: -----------è¾“å…¥å‘˜å·¥å·¥å·----------------
[2018-02-28 15:33:54,833]- [logger.py][line:53]-INFO: -----------è¾“å…¥ç™»é™†å¯†ç ----------------
[2018-02-28 15:33:56,635]- [logger.py][line:53]-INFO: -----------ç‚¹å‡»ç™»é™†æŒ‰é’®----------------
[2018-02-28 15:33:57,601]- [logger.py][line:53]-INFO: ------------åˆ‡æ¢åˆ°è¿è¥å•†åŸ---------------
[2018-02-28 15:33:58,888]- [logger.py][line:53]-INFO: æ‰“å¼€ç§’æ€ç•Œé¢
[2018-02-28 15:33:59,847]- [logger.py][line:53]-INFO: åˆ‡æ¢åˆ°iframe
[2018-02-28 15:34:00,100]- [logger.py][line:53]-INFO: ç‚¹å‡»æ·»åŠ ç§’æ€
[2018-02-28 15:34:12,340]- [logger.py][line:53]-INFO: è¾“å…¥æ´»åŠ¨å
[2018-02-28 15:34:12,497]- [logger.py][line:53]-INFO: è¾“å…¥æ¯äººé™è´­
[2018-02-28 15:34:38,550]- [logger.py][line:53]-INFO: -----------æµ‹è¯•ç»“æŸ----------------
[2018-02-28 15:47:57,303]- [line:53]-INFO: -----------æµ‹è¯•å¼€å§‹----------------
[2018-02-28 15:48:15,231]- [line:53]-INFO: -----------ç‚¹å‡»ç™»é™†å•†åŸ----------------
[2018-02-28 15:48:15,678]- [line:53]-INFO: -----------è¾“å…¥å‘˜å·¥å·¥å·----------------
[2018-02-28 15:48:15,873]- [line:53]-INFO: -----------è¾“å…¥ç™»é™†å¯†ç ----------------
[2018-02-28 15:48:16,030]- [line:53]-INFO: -----------ç‚¹å‡»ç™»é™†æŒ‰é’®----------------
[2018-02-28 15:48:19,628]- [line:53]-INFO: ------------åˆ‡æ¢åˆ°è¿è¥å•†åŸ---------------
[2018-02-28 15:48:20,135]- [line:53]-INFO: æ‰“å¼€ç§’æ€ç•Œé¢
[2018-02-28 15:48:20,174]- [line:53]-INFO: åˆ‡æ¢åˆ°iframe
[2018-02-28 15:48:20,787]- [line:53]-INFO: ç‚¹å‡»æ·»åŠ ç§’æ€
[2018-02-28 15:48:33,003]- [line:53]-INFO: è¾“å…¥æ´»åŠ¨å
[2018-02-28 15:48:33,161]- [line:53]-INFO: è¾“å…¥æ¯äººé™è´­
[2018-02-28 15:49:00,079]- [line:53]-INFO: -----------æµ‹è¯•ç»“æŸ----------------
[2018-02-28 15:51:47,406]- logger.py-[line:53]-INFO: -----------æµ‹è¯•å¼€å§‹----------------
[2018-02-28 15:52:06,766]- logger.py-[line:53]-INFO: -----------ç‚¹å‡»ç™»é™†å•†åŸ----------------
[2018-02-28 15:52:07,992]- logger.py-[line:53]-INFO: -----------è¾“å…¥å‘˜å·¥å·¥å·----------------
[2018-02-28 15:52:08,606]- logger.py-[line:53]-INFO: -----------è¾“å…¥ç™»é™†å¯†ç ----------------
[2018-02-28 15:52:08,787]- logger.py-[line:53]-INFO: -----------ç‚¹å‡»ç™»é™†æŒ‰é’®----------------
[2018-02-28 15:52:11,237]- logger.py-[line:53]-INFO: ------------åˆ‡æ¢åˆ°è¿è¥å•†åŸ---------------
[2018-02-28 15:52:12,052]- logger.py-[line:53]-INFO: æ‰“å¼€ç§’æ€ç•Œé¢
[2018-02-28 15:52:12,274]- logger.py-[line:53]-INFO: åˆ‡æ¢åˆ°iframe
[2018-02-28 15:52:12,743]- logger.py-[line:53]-INFO: ç‚¹å‡»æ·»åŠ ç§’æ€
[2018-02-28 15:52:25,005]- logger.py-[line:53]-INFO: è¾“å…¥æ´»åŠ¨å
[2018-02-28 15:52:25,443]- logger.py-[line:53]-INFO: è¾“å…¥æ¯äººé™è´­
[2018-02-28 15:52:52,361]- logger.py-[line:53]-INFO: -----------æµ‹è¯•ç»“æŸ----------------
[Wed, 28 Feb 2018 17:12:28]- logger.py-[line:64]-INFO: ----²âÊÔ¿ªÊ¼----
[Wed, 28 Feb 2018 17:12:28]- logger.py-[line:64]-INFO: ----ÊäÈëÃÜÂë----
[Wed, 28 Feb 2018 17:12:28]- logger.py-[line:70]-WARNING: ----²âÊÔ½á¹û----
[Wed, 28 Feb 2018 17:16:56]- logger.py-[line:65]-INFO: ----²âÊÔ¿ªÊ¼----
[Wed, 28 Feb 2018 17:16:56]- logger.py-[line:65]-INFO: ----ÊäÈëÃÜÂë----
[Wed, 28 Feb 2018 17:16:56]- logger.py-[line:71]-WARNING: ----²âÊÔ½á¹û----
[Wed, 28 Feb 2018 17:17:31]- logger.py-[line:65]-INFO: ----²âÊÔ¿ªÊ¼----
[Wed, 28 Feb 2018 17:17:31]- logger.py-[line:65]-INFO: ----ÊäÈëÃÜÂë----
[Wed, 28 Feb 2018 17:17:31]- logger.py-[line:71]-WARNING: ----²âÊÔ½á¹û----
[Wed, 28 Feb 2018 17:38:04]- logger.py-[line:65]-INFO: ----²âÊÔ¿ªÊ¼----
[Wed, 28 Feb 2018 17:38:04]- logger.py-[line:65]-INFO: ----ÊäÈëÃÜÂë----
[Wed, 28 Feb 2018 17:38:04]- logger.py-[line:71]-WARNING: ----²âÊÔ½á¹û----
[Wed, 28 Feb 2018 17:38:14]- logger.py-[line:65]-INFO: ----²âÊÔ¿ªÊ¼----
[Wed, 28 Feb 2018 17:38:14]- logger.py-[line:65]-INFO: ----ÊäÈëÃÜÂë----
[Wed, 28 Feb 2018 17:38:14]- logger.py-[line:71]-WARNING: ----²âÊÔ½á¹û----
[Wed, 28 Feb 2018 17:38:26]- logger.py-[line:65]-INFO: ----hello----
[Wed, 28 Feb 2018 17:38:26]- logger.py-[line:65]-INFO: ----ÊäÈëÃÜÂë----
[Wed, 28 Feb 2018 17:38:26]- logger.py-[line:71]-WARNING: ----²âÊÔ½á¹û----
[Wed, 28 Feb 2018 17:40:48]- logger.py-[line:65]-INFO: ----hello----
[Wed, 28 Feb 2018 17:40:48]- logger.py-[line:65]-INFO: ----ÊäÈëÃÜÂë----
[Wed, 28 Feb 2018 17:40:48]- logger.py-[line:71]-WARNING: ----²âÊÔ½á¹û----
